{
  "numTotalTestSuites": 36,
  "numPassedTestSuites": 34,
  "numFailedTestSuites": 2,
  "numPendingTestSuites": 0,
  "numTotalTests": 71,
  "numPassedTests": 69,
  "numFailedTests": 2,
  "numPendingTests": 0,
  "numTodoTests": 0,
  "snapshot": {
    "added": 0,
    "failure": false,
    "filesAdded": 0,
    "filesRemoved": 0,
    "filesRemovedList": [],
    "filesUnmatched": 0,
    "filesUpdated": 0,
    "matched": 0,
    "total": 0,
    "unchecked": 0,
    "uncheckedKeysByFile": [],
    "unmatched": 0,
    "updated": 0,
    "didUpdate": false
  },
  "startTime": 1777731565872,
  "success": false,
  "testResults": [
    {
      "assertionResults": [
        {
          "ancestorTitles": ["escapeHtmlAttr"],
          "fullName": "escapeHtmlAttr escapes ampersand, quotes, and angle brackets for use in HTML attributes",
          "status": "passed",
          "title": "escapes ampersand, quotes, and angle brackets for use in HTML attributes",
          "duration": 3.255300000000261,
          "failureMessages": [],
          "meta": {}
        },
        {
          "ancestorTitles": ["escapeHtmlAttr"],
          "fullName": "escapeHtmlAttr leaves safe characters unchanged",
          "status": "passed",
          "title": "leaves safe characters unchanged",
          "duration": 0.4842999999996209,
          "failureMessages": [],
          "meta": {}
        }
      ],
      "startTime": 1777731570549,
      "endTime": 1777731570552.4844,
      "status": "passed",
      "message": "",
      "name": "D:/CODING/eushopCursor/packages/auth/src/escape-html.test.ts"
    },
    {
      "assertionResults": [
        {
          "ancestorTitles": ["sendMagicLinkEmail"],
          "fullName": "sendMagicLinkEmail logs when RESEND_API_KEY is unset",
          "status": "passed",
          "title": "logs when RESEND_API_KEY is unset",
          "duration": 9.845600000000104,
          "failureMessages": [],
          "meta": {}
        },
        {
          "ancestorTitles": ["sendMagicLinkEmail"],
          "fullName": "sendMagicLinkEmail calls Resend when RESEND_API_KEY is set",
          "status": "passed",
          "title": "calls Resend when RESEND_API_KEY is set",
          "duration": 3.49330000000009,
          "failureMessages": [],
          "meta": {}
        }
      ],
      "startTime": 1777731571042,
      "endTime": 1777731571055.4934,
      "status": "passed",
      "message": "",
      "name": "D:/CODING/eushopCursor/packages/auth/src/send-magic-link-email.test.ts"
    },
    {
      "assertionResults": [
        {
          "ancestorTitles": ["geo"],
          "fullName": "geo publicPoint is deterministic for the same geohash and listing id",
          "status": "passed",
          "title": "publicPoint is deterministic for the same geohash and listing id",
          "duration": 3.7064000000000306,
          "failureMessages": [],
          "meta": {}
        },
        {
          "ancestorTitles": ["geo"],
          "fullName": "geo publicPoint differs for different listing ids in the same cell",
          "status": "passed",
          "title": "publicPoint differs for different listing ids in the same cell",
          "duration": 0.608199999999897,
          "failureMessages": [],
          "meta": {}
        }
      ],
      "startTime": 1777731572377,
      "endTime": 1777731572381.6082,
      "status": "passed",
      "message": "",
      "name": "D:/CODING/eushopCursor/packages/geo/src/geo.test.ts"
    },
    {
      "assertionResults": [
        {
          "ancestorTitles": ["calculatePlatformFeeCents"],
          "fullName": "calculatePlatformFeeCents returns 0 for a 0 fee",
          "status": "passed",
          "title": "returns 0 for a 0 fee",
          "duration": 2.8240999999998166,
          "failureMessages": [],
          "meta": {}
        },
        {
          "ancestorTitles": ["calculatePlatformFeeCents"],
          "fullName": "calculatePlatformFeeCents applies the proportional rate below the cap",
          "status": "passed",
          "title": "applies the proportional rate below the cap",
          "duration": 0.6129000000000815,
          "failureMessages": [],
          "meta": {}
        },
        {
          "ancestorTitles": ["calculatePlatformFeeCents"],
          "fullName": "calculatePlatformFeeCents caps at PLATFORM_FEE_CAP_CENTS",
          "status": "passed",
          "title": "caps at PLATFORM_FEE_CAP_CENTS",
          "duration": 0.42410000000018044,
          "failureMessages": [],
          "meta": {}
        },
        {
          "ancestorTitles": ["calculatePlatformFeeCents"],
          "fullName": "calculatePlatformFeeCents rounds to the nearest cent (banker-free Math.round)",
          "status": "passed",
          "title": "rounds to the nearest cent (banker-free Math.round)",
          "duration": 0.6311000000000604,
          "failureMessages": [],
          "meta": {}
        },
        {
          "ancestorTitles": ["calculatePlatformFeeCents"],
          "fullName": "calculatePlatformFeeCents uses the documented PLATFORM_FEE_RATE",
          "status": "passed",
          "title": "uses the documented PLATFORM_FEE_RATE",
          "duration": 0.3447000000001026,
          "failureMessages": [],
          "meta": {}
        },
        {
          "ancestorTitles": ["calculatePlatformFeeCents"],
          "fullName": "calculatePlatformFeeCents keeps the cap at 150 cents (€1.50)",
          "status": "passed",
          "title": "keeps the cap at 150 cents (€1.50)",
          "duration": 0.3261000000002241,
          "failureMessages": [],
          "meta": {}
        },
        {
          "ancestorTitles": ["calculatePlatformFeeCents"],
          "fullName": "calculatePlatformFeeCents never exceeds the finder fee itself for tiny values",
          "status": "passed",
          "title": "never exceeds the finder fee itself for tiny values",
          "duration": 4.481699999999819,
          "failureMessages": [],
          "meta": {}
        },
        {
          "ancestorTitles": ["calculatePlatformFeeCents"],
          "fullName": "calculatePlatformFeeCents is monotonically non-decreasing as the finder fee grows",
          "status": "passed",
          "title": "is monotonically non-decreasing as the finder fee grows",
          "duration": 5.0306000000000495,
          "failureMessages": [],
          "meta": {}
        }
      ],
      "startTime": 1777731570770,
      "endTime": 1777731570785.0305,
      "status": "passed",
      "message": "",
      "name": "D:/CODING/eushopCursor/packages/validators/src/platform-fee.test.ts"
    },
    {
      "assertionResults": [
        {
          "ancestorTitles": ["handleStripeWebhook"],
          "fullName": "handleStripeWebhook returns 501 when STRIPE_WEBHOOK_SECRET is missing",
          "status": "passed",
          "title": "returns 501 when STRIPE_WEBHOOK_SECRET is missing",
          "duration": 15.229999999999563,
          "failureMessages": [],
          "meta": {}
        },
        {
          "ancestorTitles": ["handleStripeWebhook"],
          "fullName": "handleStripeWebhook returns 400 on signature failure",
          "status": "passed",
          "title": "returns 400 on signature failure",
          "duration": 6.627599999999802,
          "failureMessages": [],
          "meta": {}
        },
        {
          "ancestorTitles": ["handleStripeWebhook"],
          "fullName": "handleStripeWebhook returns idempotent JSON when event already recorded",
          "status": "passed",
          "title": "returns idempotent JSON when event already recorded",
          "duration": 4.947400000000016,
          "failureMessages": [],
          "meta": {}
        },
        {
          "ancestorTitles": ["handleStripeWebhook"],
          "fullName": "handleStripeWebhook inserts financial_events for handled Stripe types",
          "status": "passed",
          "title": "inserts financial_events for handled Stripe types",
          "duration": 5.406699999999546,
          "failureMessages": [],
          "meta": {}
        }
      ],
      "startTime": 1777731572041,
      "endTime": 1777731572073.4067,
      "status": "passed",
      "message": "",
      "name": "D:/CODING/eushopCursor/apps/api/src/routes/stripe-webhook.test.ts"
    },
    {
      "assertionResults": [
        {
          "ancestorTitles": ["mapStripeEventTypeToFinancialKind"],
          "fullName": "mapStripeEventTypeToFinancialKind maps payment intent lifecycle",
          "status": "passed",
          "title": "maps payment intent lifecycle",
          "duration": 4.339500000000044,
          "failureMessages": [],
          "meta": {}
        },
        {
          "ancestorTitles": ["mapStripeEventTypeToFinancialKind"],
          "fullName": "mapStripeEventTypeToFinancialKind maps charges, transfers, payouts, and Connect",
          "status": "passed",
          "title": "maps charges, transfers, payouts, and Connect",
          "duration": 3.392899999999827,
          "failureMessages": [],
          "meta": {}
        },
        {
          "ancestorTitles": ["mapStripeEventTypeToFinancialKind"],
          "fullName": "mapStripeEventTypeToFinancialKind returns null for unhandled Stripe types",
          "status": "passed",
          "title": "returns null for unhandled Stripe types",
          "duration": 1.6479000000003907,
          "failureMessages": [],
          "meta": {}
        }
      ],
      "startTime": 1777731570380,
      "endTime": 1777731570389.648,
      "status": "passed",
      "message": "",
      "name": "D:/CODING/eushopCursor/packages/api-router/src/lib/stripe-webhook-financial-kind.test.ts"
    },
    {
      "assertionResults": [
        {
          "ancestorTitles": ["shouldProcessStripeWebhookEvent"],
          "fullName": "shouldProcessStripeWebhookEvent allows first delivery",
          "status": "passed",
          "title": "allows first delivery",
          "duration": 3.5955999999998767,
          "failureMessages": [],
          "meta": {}
        },
        {
          "ancestorTitles": ["shouldProcessStripeWebhookEvent"],
          "fullName": "shouldProcessStripeWebhookEvent skips duplicate delivery (idempotent replay)",
          "status": "passed",
          "title": "skips duplicate delivery (idempotent replay)",
          "duration": 0.49469999999996617,
          "failureMessages": [],
          "meta": {}
        }
      ],
      "startTime": 1777731572229,
      "endTime": 1777731572233.4946,
      "status": "passed",
      "message": "",
      "name": "D:/CODING/eushopCursor/packages/api-router/src/lib/stripe-webhook-idempotency.test.ts"
    },
    {
      "assertionResults": [
        {
          "ancestorTitles": ["verifyWebhookSignature"],
          "fullName": "verifyWebhookSignature accepts a correctly signed payload",
          "status": "passed",
          "title": "accepts a correctly signed payload",
          "duration": 4.298999999999978,
          "failureMessages": [],
          "meta": {}
        },
        {
          "ancestorTitles": ["verifyWebhookSignature"],
          "fullName": "verifyWebhookSignature rejects tampered body",
          "status": "passed",
          "title": "rejects tampered body",
          "duration": 1.5395000000003165,
          "failureMessages": [],
          "meta": {}
        },
        {
          "ancestorTitles": ["verifyWebhookSignature"],
          "fullName": "verifyWebhookSignature rejects missing header",
          "status": "passed",
          "title": "rejects missing header",
          "duration": 0.41990000000032524,
          "failureMessages": [],
          "meta": {}
        }
      ],
      "startTime": 1777731570478,
      "endTime": 1777731570484.42,
      "status": "passed",
      "message": "",
      "name": "D:/CODING/eushopCursor/packages/api-router/src/lib/stripe-webhook-signature.test.ts"
    },
    {
      "assertionResults": [
        {
          "ancestorTitles": ["confirmReservationBlockedReason"],
          "fullName": "confirmReservationBlockedReason allows pending",
          "status": "passed",
          "title": "allows pending",
          "duration": 3.5375000000001364,
          "failureMessages": [],
          "meta": {}
        },
        {
          "ancestorTitles": ["confirmReservationBlockedReason"],
          "fullName": "confirmReservationBlockedReason blocks when already confirmed",
          "status": "passed",
          "title": "blocks when already confirmed",
          "duration": 0.7346999999999753,
          "failureMessages": [],
          "meta": {}
        },
        {
          "ancestorTitles": ["confirmReservationBlockedReason"],
          "fullName": "confirmReservationBlockedReason blocks when already completed",
          "status": "passed",
          "title": "blocks when already completed",
          "duration": 0.3490999999999076,
          "failureMessages": [],
          "meta": {}
        }
      ],
      "startTime": 1777731572259,
      "endTime": 1777731572264.349,
      "status": "passed",
      "message": "",
      "name": "D:/CODING/eushopCursor/packages/api-router/src/lib/trip-reservation-guards.test.ts"
    },
    {
      "assertionResults": [
        {
          "ancestorTitles": ["catalogRouter.proposeItem (UGC)"],
          "fullName": "catalogRouter.proposeItem (UGC) flags barcode duplicates without skipping the candidate insert",
          "status": "passed",
          "title": "flags barcode duplicates without skipping the candidate insert",
          "duration": 20.22099999999955,
          "failureMessages": [],
          "meta": {}
        },
        {
          "ancestorTitles": ["catalogRouter.proposeItem (UGC)"],
          "fullName": "catalogRouter.proposeItem (UGC) falls back to name-based duplicate detection when no barcode is given",
          "status": "passed",
          "title": "falls back to name-based duplicate detection when no barcode is given",
          "duration": 2.949300000000221,
          "failureMessages": [],
          "meta": {}
        },
        {
          "ancestorTitles": ["catalogRouter.proposeImage (UGC)"],
          "fullName": "catalogRouter.proposeImage (UGC) maps Postgres 23505 unique-violation to a CONFLICT TRPCError",
          "status": "passed",
          "title": "maps Postgres 23505 unique-violation to a CONFLICT TRPCError",
          "duration": 6.137000000000626,
          "failureMessages": [],
          "meta": {}
        },
        {
          "ancestorTitles": ["catalogRouter.proposeImage (UGC)"],
          "fullName": "catalogRouter.proposeImage (UGC) maps unknown errors to INTERNAL_SERVER_ERROR with a safe message",
          "status": "passed",
          "title": "maps unknown errors to INTERNAL_SERVER_ERROR with a safe message",
          "duration": 20.106900000000678,
          "failureMessages": [],
          "meta": {}
        },
        {
          "ancestorTitles": ["catalogRouter.adminReviewFoodItemCandidate"],
          "fullName": "catalogRouter.adminReviewFoodItemCandidate rejects when the candidate is not pending",
          "status": "passed",
          "title": "rejects when the candidate is not pending",
          "duration": 2.759599999999409,
          "failureMessages": [],
          "meta": {}
        },
        {
          "ancestorTitles": ["catalogRouter.adminReviewFoodItemCandidate"],
          "fullName": "catalogRouter.adminReviewFoodItemCandidate rejects (status=rejected) and writes a moderation_actions row",
          "status": "passed",
          "title": "rejects (status=rejected) and writes a moderation_actions row",
          "duration": 2.19419999999991,
          "failureMessages": [],
          "meta": {}
        },
        {
          "ancestorTitles": ["catalogRouter.adminReviewFoodItemCandidate"],
          "fullName": "catalogRouter.adminReviewFoodItemCandidate flags duplicate when mergedIntoItemId is given",
          "status": "passed",
          "title": "flags duplicate when mergedIntoItemId is given",
          "duration": 1.4794000000001688,
          "failureMessages": [],
          "meta": {}
        },
        {
          "ancestorTitles": ["catalogRouter.adminReviewFoodItemImageProposal"],
          "fullName": "catalogRouter.adminReviewFoodItemImageProposal rejects when the proposal is not pending",
          "status": "passed",
          "title": "rejects when the proposal is not pending",
          "duration": 1.4843000000000757,
          "failureMessages": [],
          "meta": {}
        },
        {
          "ancestorTitles": ["catalogRouter.adminReviewFoodItemImageProposal"],
          "fullName": "catalogRouter.adminReviewFoodItemImageProposal only sets default image when the food item has none",
          "status": "passed",
          "title": "only sets default image when the food item has none",
          "duration": 6.489999999999782,
          "failureMessages": [],
          "meta": {}
        },
        {
          "ancestorTitles": ["catalogRouter.adminReviewFoodItemImageProposal"],
          "fullName": "catalogRouter.adminReviewFoodItemImageProposal does NOT touch the food item when a default image already exists",
          "status": "passed",
          "title": "does NOT touch the food item when a default image already exists",
          "duration": 2.6570000000010623,
          "failureMessages": [],
          "meta": {}
        }
      ],
      "startTime": 1777731577181,
      "endTime": 1777731577248.657,
      "status": "passed",
      "message": "",
      "name": "D:/CODING/eushopCursor/packages/api-router/src/routers/catalog.test.ts"
    },
    {
      "assertionResults": [
        {
          "ancestorTitles": ["tripsRouter.confirmReservation"],
          "fullName": "tripsRouter.confirmReservation confirms without calling Stripe when no reservation_payment row exists",
          "status": "failed",
          "title": "confirms without calling Stripe when no reservation_payment row exists",
          "duration": 33.11659999999938,
          "failureMessages": [
            "TRPCError: [\n  {\n    \"validation\": \"uuid\",\n    \"code\": \"invalid_string\",\n    \"message\": \"Invalid uuid\",\n    \"path\": [\n      \"reservationId\"\n    ]\n  }\n]\n    at inputValidatorMiddleware (file:///D:/CODING/eushopCursor/node_modules/@trpc/server/src/unstable-core-do-not-import/middleware.ts:195:15)\n    at processTicksAndRejections (node:internal/process/task_queues:105:5)\n    at callRecursive (file:///D:/CODING/eushopCursor/node_modules/@trpc/server/src/unstable-core-do-not-import/procedureBuilder.ts:642:20)\n    at callRecursive (file:///D:/CODING/eushopCursor/node_modules/@trpc/server/src/unstable-core-do-not-import/procedureBuilder.ts:642:20)\n    at procedure (file:///D:/CODING/eushopCursor/node_modules/@trpc/server/src/unstable-core-do-not-import/procedureBuilder.ts:682:20)\n    at file:///D:/CODING/eushopCursor/node_modules/@trpc/server/src/unstable-core-do-not-import/router.ts:474:20\n    at D:\\CODING\\eushopCursor\\packages\\api-router\\src\\routers\\trips-confirm-reservation.test.ts:118:17\n    at file:///D:/CODING/eushopCursor/node_modules/@vitest/runner/dist/chunk-hooks.js:752:20"
          ],
          "meta": {}
        },
        {
          "ancestorTitles": ["tripsRouter.confirmReservation"],
          "fullName": "tripsRouter.confirmReservation captures PaymentIntent and records financial_events when payment row exists",
          "status": "failed",
          "title": "captures PaymentIntent and records financial_events when payment row exists",
          "duration": 2.836699999999837,
          "failureMessages": [
            "TRPCError: [\n  {\n    \"validation\": \"uuid\",\n    \"code\": \"invalid_string\",\n    \"message\": \"Invalid uuid\",\n    \"path\": [\n      \"reservationId\"\n    ]\n  }\n]\n    at inputValidatorMiddleware (file:///D:/CODING/eushopCursor/node_modules/@trpc/server/src/unstable-core-do-not-import/middleware.ts:195:15)\n    at processTicksAndRejections (node:internal/process/task_queues:105:5)\n    at callRecursive (file:///D:/CODING/eushopCursor/node_modules/@trpc/server/src/unstable-core-do-not-import/procedureBuilder.ts:642:20)\n    at callRecursive (file:///D:/CODING/eushopCursor/node_modules/@trpc/server/src/unstable-core-do-not-import/procedureBuilder.ts:642:20)\n    at procedure (file:///D:/CODING/eushopCursor/node_modules/@trpc/server/src/unstable-core-do-not-import/procedureBuilder.ts:682:20)\n    at file:///D:/CODING/eushopCursor/node_modules/@trpc/server/src/unstable-core-do-not-import/router.ts:474:20\n    at D:\\CODING\\eushopCursor\\packages\\api-router\\src\\routers\\trips-confirm-reservation.test.ts:138:5\n    at file:///D:/CODING/eushopCursor/node_modules/@vitest/runner/dist/chunk-hooks.js:752:20"
          ],
          "meta": {}
        }
      ],
      "startTime": 1777731577121,
      "endTime": 1777731577157.8367,
      "status": "failed",
      "message": "",
      "name": "D:/CODING/eushopCursor/packages/api-router/src/routers/trips-confirm-reservation.test.ts"
    },
    {
      "assertionResults": [
        {
          "ancestorTitles": ["tripsRouter.reserve"],
          "fullName": "tripsRouter.reserve rejects when the buyer is the seller",
          "status": "passed",
          "title": "rejects when the buyer is the seller",
          "duration": 17.410100000000966,
          "failureMessages": [],
          "meta": {}
        },
        {
          "ancestorTitles": ["tripsRouter.reserve"],
          "fullName": "tripsRouter.reserve rejects when trip is not open",
          "status": "passed",
          "title": "rejects when trip is not open",
          "duration": 3.4688999999998487,
          "failureMessages": [],
          "meta": {}
        },
        {
          "ancestorTitles": ["tripsRouter.reserve"],
          "fullName": "tripsRouter.reserve rejects when departAt is in the past",
          "status": "passed",
          "title": "rejects when departAt is in the past",
          "duration": 1.9530999999988126,
          "failureMessages": [],
          "meta": {}
        },
        {
          "ancestorTitles": ["tripsRouter.reserve"],
          "fullName": "tripsRouter.reserve enforces the agreedFinderFee floor",
          "status": "passed",
          "title": "enforces the agreedFinderFee floor",
          "duration": 1.6495999999988271,
          "failureMessages": [],
          "meta": {}
        },
        {
          "ancestorTitles": ["tripsRouter.reserve"],
          "fullName": "tripsRouter.reserve returns \"No slots remaining\" when the atomic decrement returns 0 rows",
          "status": "passed",
          "title": "returns \"No slots remaining\" when the atomic decrement returns 0 rows",
          "duration": 2.683100000000195,
          "failureMessages": [],
          "meta": {}
        },
        {
          "ancestorTitles": ["tripsRouter.reserve"],
          "fullName": "tripsRouter.reserve happy path: writes a reservation and emits trip.reservation.created",
          "status": "passed",
          "title": "happy path: writes a reservation and emits trip.reservation.created",
          "duration": 7.676799999999275,
          "failureMessages": [],
          "meta": {}
        },
        {
          "ancestorTitles": ["tripsRouter.reserve"],
          "fullName": "tripsRouter.reserve rolls back the slot when the reservation insert fails",
          "status": "passed",
          "title": "rolls back the slot when the reservation insert fails",
          "duration": 2.353900000000067,
          "failureMessages": [],
          "meta": {}
        },
        {
          "ancestorTitles": ["tripsRouter.byId"],
          "fullName": "tripsRouter.byId returns reservationSummary (no buyerId) to non-sellers",
          "status": "passed",
          "title": "returns reservationSummary (no buyerId) to non-sellers",
          "duration": 2.782999999999447,
          "failureMessages": [],
          "meta": {}
        },
        {
          "ancestorTitles": ["tripsRouter.byId"],
          "fullName": "tripsRouter.byId returns the full reservations list to the seller",
          "status": "passed",
          "title": "returns the full reservations list to the seller",
          "duration": 2.9834000000009837,
          "failureMessages": [],
          "meta": {}
        },
        {
          "ancestorTitles": ["tripsRouter.byId"],
          "fullName": "tripsRouter.byId embeds seller badges on the public trip payload",
          "status": "passed",
          "title": "embeds seller badges on the public trip payload",
          "duration": 2.363900000000285,
          "failureMessages": [],
          "meta": {}
        },
        {
          "ancestorTitles": ["tripsRouter.cancelReservation"],
          "fullName": "tripsRouter.cancelReservation refuses cancel after departure",
          "status": "passed",
          "title": "refuses cancel after departure",
          "duration": 2.830200000000332,
          "failureMessages": [],
          "meta": {}
        },
        {
          "ancestorTitles": ["tripsRouter.cancelReservation"],
          "fullName": "tripsRouter.cancelReservation refuses cancel when reservation is already completed",
          "status": "passed",
          "title": "refuses cancel when reservation is already completed",
          "duration": 1.451100000000224,
          "failureMessages": [],
          "meta": {}
        },
        {
          "ancestorTitles": ["tripsRouter.cancelReservation"],
          "fullName": "tripsRouter.cancelReservation refuses cancel when buyer is not the requester",
          "status": "passed",
          "title": "refuses cancel when buyer is not the requester",
          "duration": 1.783900000000358,
          "failureMessages": [],
          "meta": {}
        }
      ],
      "startTime": 1777731577114,
      "endTime": 1777731577166.784,
      "status": "passed",
      "message": "",
      "name": "D:/CODING/eushopCursor/packages/api-router/src/routers/trips.test.ts"
    },
    {
      "assertionResults": [
        {
          "ancestorTitles": ["router input schemas"],
          "fullName": "router input schemas uuidIdParam accepts a valid UUID",
          "status": "passed",
          "title": "uuidIdParam accepts a valid UUID",
          "duration": 5.6469999999999345,
          "failureMessages": [],
          "meta": {}
        },
        {
          "ancestorTitles": ["router input schemas"],
          "fullName": "router input schemas tractionWeeklyGrowthInput defaults weeks",
          "status": "passed",
          "title": "tractionWeeklyGrowthInput defaults weeks",
          "duration": 2.7024999999998727,
          "failureMessages": [],
          "meta": {}
        },
        {
          "ancestorTitles": ["router input schemas"],
          "fullName": "router input schemas requestsFeedInput uppercases country",
          "status": "passed",
          "title": "requestsFeedInput uppercases country",
          "duration": 1.6774000000000342,
          "failureMessages": [],
          "meta": {}
        },
        {
          "ancestorTitles": ["router input schemas"],
          "fullName": "router input schemas listingByCountryFeedInput normalizes iso2",
          "status": "passed",
          "title": "listingByCountryFeedInput normalizes iso2",
          "duration": 16.72750000000042,
          "failureMessages": [],
          "meta": {}
        },
        {
          "ancestorTitles": ["router input schemas"],
          "fullName": "router input schemas tripSearchInput accepts empty filter",
          "status": "passed",
          "title": "tripSearchInput accepts empty filter",
          "duration": 1.4259000000001834,
          "failureMessages": [],
          "meta": {}
        },
        {
          "ancestorTitles": ["router input schemas"],
          "fullName": "router input schemas createTripOfferInput requires future departAt",
          "status": "passed",
          "title": "createTripOfferInput requires future departAt",
          "duration": 2.25,
          "failureMessages": [],
          "meta": {}
        }
      ],
      "startTime": 1777731570719,
      "endTime": 1777731570750.25,
      "status": "passed",
      "message": "",
      "name": "D:/CODING/eushopCursor/packages/api-router/src/routers/validators-smoke.test.ts"
    },
    {
      "assertionResults": [
        {
          "ancestorTitles": ["searchOpenFoodFacts"],
          "fullName": "searchOpenFoodFacts asks for the search endpoint with the right query and field set",
          "status": "passed",
          "title": "asks for the search endpoint with the right query and field set",
          "duration": 16.952499999999873,
          "failureMessages": [],
          "meta": {}
        },
        {
          "ancestorTitles": ["searchOpenFoodFacts"],
          "fullName": "searchOpenFoodFacts adapts OFF products and dedupes images",
          "status": "passed",
          "title": "adapts OFF products and dedupes images",
          "duration": 3.7478000000000975,
          "failureMessages": [],
          "meta": {}
        },
        {
          "ancestorTitles": ["searchOpenFoodFacts"],
          "fullName": "searchOpenFoodFacts filters out recognized non-EU origins by default",
          "status": "passed",
          "title": "filters out recognized non-EU origins by default",
          "duration": 2.306799999999839,
          "failureMessages": [],
          "meta": {}
        },
        {
          "ancestorTitles": ["searchOpenFoodFacts"],
          "fullName": "searchOpenFoodFacts honors euOnly=false to keep all products",
          "status": "passed",
          "title": "honors euOnly=false to keep all products",
          "duration": 1.5911999999998443,
          "failureMessages": [],
          "meta": {}
        },
        {
          "ancestorTitles": ["searchOpenFoodFacts"],
          "fullName": "searchOpenFoodFacts returns [] on non-2xx responses without throwing",
          "status": "passed",
          "title": "returns [] on non-2xx responses without throwing",
          "duration": 1.237300000000232,
          "failureMessages": [],
          "meta": {}
        },
        {
          "ancestorTitles": ["searchOpenFoodFacts"],
          "fullName": "searchOpenFoodFacts forwards the AbortSignal so callers can cancel slow requests",
          "status": "passed",
          "title": "forwards the AbortSignal so callers can cancel slow requests",
          "duration": 1.4171000000001186,
          "failureMessages": [],
          "meta": {}
        },
        {
          "ancestorTitles": ["getOpenFoodFactsProduct"],
          "fullName": "getOpenFoodFactsProduct hits the v2 product endpoint with the encoded barcode",
          "status": "passed",
          "title": "hits the v2 product endpoint with the encoded barcode",
          "duration": 3.379599999999755,
          "failureMessages": [],
          "meta": {}
        },
        {
          "ancestorTitles": ["getOpenFoodFactsProduct"],
          "fullName": "getOpenFoodFactsProduct returns null when OFF reports status != 1",
          "status": "passed",
          "title": "returns null when OFF reports status != 1",
          "duration": 1.2112999999999374,
          "failureMessages": [],
          "meta": {}
        },
        {
          "ancestorTitles": ["getOpenFoodFactsProduct"],
          "fullName": "getOpenFoodFactsProduct returns null on HTTP errors",
          "status": "passed",
          "title": "returns null on HTTP errors",
          "duration": 2.1046000000001186,
          "failureMessages": [],
          "meta": {}
        },
        {
          "ancestorTitles": ["listOpenFoodFactsByCategory"],
          "fullName": "listOpenFoodFactsByCategory asks for a tag-filtered page from the search endpoint",
          "status": "passed",
          "title": "asks for a tag-filtered page from the search endpoint",
          "duration": 2.249499999999898,
          "failureMessages": [],
          "meta": {}
        },
        {
          "ancestorTitles": ["OPEN_FOOD_FACTS_ATTRIBUTION"],
          "fullName": "OPEN_FOOD_FACTS_ATTRIBUTION mentions Open Food Facts and the CC-BY-SA licence (UI compliance)",
          "status": "passed",
          "title": "mentions Open Food Facts and the CC-BY-SA licence (UI compliance)",
          "duration": 0.7318000000000211,
          "failureMessages": [],
          "meta": {}
        }
      ],
      "startTime": 1777731570419,
      "endTime": 1777731570457.7317,
      "status": "passed",
      "message": "",
      "name": "D:/CODING/eushopCursor/packages/catalog-data/src/openfoodfacts/openfoodfacts.test.ts"
    }
  ]
}
